[0m23:20:53.279771 [debug] [MainThread]: Sending event: {'category': 'dbt', 'action': 'invocation', 'label': 'start', 'context': [<snowplow_tracker.self_describing_json.SelfDescribingJson object at 0x1072ef830>, <snowplow_tracker.self_describing_json.SelfDescribingJson object at 0x106911e50>, <snowplow_tracker.self_describing_json.SelfDescribingJson object at 0x106911e80>]}


============================== 23:20:53.282627 | efcc4364-19f4-4100-b30e-e6342e3f8e85 ==============================
[0m23:20:53.282627 [info ] [MainThread]: Running with dbt=1.11.7
[0m23:20:53.282928 [debug] [MainThread]: running dbt with arguments {'empty': 'None', 'printer_width': '80', 'fail_fast': 'False', 'indirect_selection': 'eager', 'log_format': 'default', 'target_path': 'None', 'warn_error_options': 'WarnErrorOptionsV2(error=[], warn=[], silence=[])', 'cache_selected_only': 'False', 'write_json': 'True', 'no_print': 'None', 'profiles_dir': '/Users/rohithsmacbook/.dbt', 'partial_parse': 'True', 'introspect': 'True', 'use_colors': 'True', 'invocation_command': 'dbt init banking_dbt', 'warn_error': 'None', 'static_parser': 'True', 'use_experimental_parser': 'False', 'quiet': 'False', 'log_cache_events': 'False', 'version_check': 'True', 'debug': 'False', 'log_path': 'logs', 'send_anonymous_usage_stats': 'True'}
[0m23:20:53.292085 [info ] [MainThread]: Creating dbt configuration folder at /Users/rohithsmacbook/.dbt
[0m23:20:53.293161 [debug] [MainThread]: Starter project path: /Users/rohithsmacbook/banking-analytics/venv/lib/python3.12/site-packages/dbt/include/starter_project
[0m23:20:53.296502 [info ] [MainThread]: 
Your new dbt project "banking_dbt" was created!

For more information on how to configure the profiles.yml file,
please consult the dbt documentation here:

  https://docs.getdbt.com/docs/configure-your-profile

One more thing:

Need help? Don't hesitate to reach out to us via GitHub issues or on Slack:

  https://community.getdbt.com/

Happy modeling!

[0m23:20:53.296661 [info ] [MainThread]: Setting up your profile.
[0m23:23:50.555005 [info ] [MainThread]: Profile banking_dbt written to /Users/rohithsmacbook/.dbt/profiles.yml using target's profile_template.yml and your supplied values. Run 'dbt debug' to validate the connection.
[0m23:23:50.603899 [debug] [MainThread]: Resource report: {"command_name": "init", "command_success": true, "command_wall_clock_time": 177.3653, "process_in_blocks": "0", "process_kernel_time": 0.173245, "process_mem_max_rss": "105693184", "process_out_blocks": "0", "process_user_time": 0.684538}
[0m23:23:50.604435 [debug] [MainThread]: Command `dbt init` succeeded at 23:23:50.604346 after 177.37 seconds
[0m23:23:50.605154 [debug] [MainThread]: Sending event: {'category': 'dbt', 'action': 'invocation', 'label': 'end', 'context': [<snowplow_tracker.self_describing_json.SelfDescribingJson object at 0x1076e1040>, <snowplow_tracker.self_describing_json.SelfDescribingJson object at 0x1076e15b0>, <snowplow_tracker.self_describing_json.SelfDescribingJson object at 0x10770d490>]}
[0m23:23:50.606046 [debug] [MainThread]: Flushing usage events
[0m23:23:51.231643 [debug] [MainThread]: An error was encountered while trying to flush usage events
